<?xml version="1.0" encoding="UTF-8"?>
<!-- Generated by org.testng.reporters.JUnitXMLReporter -->
<testsuite hostname="LapWinX-DAC13" ignored="0" name="Command line test" tests="5" failures="0" timestamp="2021-06-13T17:23:28 IST" time="101.621" errors="0">
  <testcase name="verifyLaunchpadLogo" time="0.207" classname="com.unifyautomation.testcases.UnifyLaunchpadTest"/>
  <testcase name="verifyAppLibraryManagementConsoleLinks" time="0.129" classname="com.unifyautomation.testcases.UnifyLaunchpadTest"/>
  <testcase name="verifyValidAndInvalidLogin" time="6.847" classname="com.unifyautomation.testcases.UnifyLoginTest"/>
  <testcase name="verifyValidAndInvalidLogin" time="2.336" classname="com.unifyautomation.testcases.UnifyLoginTest"/>
  <testcase name="verifyBrandServiceStatusLogo" time="0.192" classname="com.unifyautomation.testcases.UnifyLoginTest"/>
</testsuite> <!-- Command line test -->
