<?xml version="1.0" encoding="UTF-8" ?>
<testsuite tests="5" failures="0" name="TestSuite" time="9.707" errors="0" skipped="0">
  <properties>
[...]
</properties>
  <testcase classname="com.unifyautomation.testcases.UnifyLaunchpadTest" name="verifyLaunchpadLogo" time="0.207"/>
  <testcase classname="com.unifyautomation.testcases.UnifyLaunchpadTest" name="verifyAppLibraryManagementConsoleLinks" time="0.126"/>
  <testcase classname="com.unifyautomation.testcases.UnifyLoginTest" name="verifyValidAndInvalidLogin" time="6.848"/>
  <testcase classname="com.unifyautomation.testcases.UnifyLoginTest" name="verifyValidAndInvalidLogin" time="2.336"/>
  <testcase classname="com.unifyautomation.testcases.UnifyLoginTest" name="verifyBrandServiceStatusLogo" time="0.19"/>
</testsuite>