<?xml version="1.0" encoding="UTF-8"?>
<!-- Generated by org.testng.reporters.JUnitXMLReporter -->
<testsuite hostname="LapWinX-DAC13" ignored="0" name="Unify Test Cases" tests="5" failures="0" timestamp="2021-06-13T10:47:57 IST" time="72.983" errors="0">
  <testcase name="verifyValidAndInvalidLogin" time="7.912" classname="com.unifyautomation.testcases.UnifyLoginTest"/>
  <testcase name="verifyValidAndInvalidLogin" time="1.272" classname="com.unifyautomation.testcases.UnifyLoginTest"/>
  <testcase name="verifyBrandServiceStatusLogo" time="0.167" classname="com.unifyautomation.testcases.UnifyLoginTest"/>
  <testcase name="verifyLaunchpadLogo" time="0.11" classname="com.unifyautomation.testcases.UnifyLaunchpadTest"/>
  <testcase name="verifyAppLibraryManagementConsoleLinks" time="0.213" classname="com.unifyautomation.testcases.UnifyLaunchpadTest"/>
</testsuite> <!-- Unify Test Cases -->
